/*C2*/SET SCHEMA PUBLIC
ALTER TABLE "salesmanager$product" DROP COLUMN "productid"
DELETE FROM "mendixsystem$attribute" WHERE "id"='8e6160e6-c00b-43e6-99e3-5dff6d3c0490'
COMMIT
ALTER TABLE "salesmanager$productcategory" DROP COLUMN "categoryid"
DELETE FROM "mendixsystem$attribute" WHERE "id"='79eaefdc-ef45-431f-9e3a-2c36bcf93d9b'
DELETE FROM "mendixsystem$version" WHERE "versionnumber"='4.2'
INSERT INTO "mendixsystem$version" VALUES('4.2','2024-04-18 13:59:49.029000','4.1.0','unversioned','ECommerceApp','9.6.2.30227')
COMMIT
DELETE FROM "mendixsystem$version" WHERE "versionnumber"='4.2'
INSERT INTO "mendixsystem$version" VALUES('4.2','2024-04-18 13:59:49.029000','4.1.0','unversioned','ECommerceApp','9.6.2.30227')
COMMIT
DELETE FROM "mendixsystem$entityidentifier" WHERE "id"='d4154981-8dac-4150-aec5-efa3ef62a7a2'
INSERT INTO "mendixsystem$entityidentifier" VALUES('d4154981-8dac-4150-aec5-efa3ef62a7a2',4,3101)
COMMIT
INSERT INTO "system$xasinstance" VALUES(1125899906845625,'9b06e215-d5a9-4548-9346-fdc08aabba8f','2024-04-18 10:59:49.622000',NULL,NULL,NULL,'2024-04-18 10:59:49.614000')
COMMIT
DELETE FROM "system$userrole" WHERE "id"=4222124650659841
INSERT INTO "system$userrole" VALUES(4222124650659841,'8dd52bfa-6d7e-453b-b506-303c0a3d9567','Administrator','')
DELETE FROM "system$userrole" WHERE "id"=4222124650659842
INSERT INTO "system$userrole" VALUES(4222124650659842,'53f5d6fa-6da9-4a71-b011-454ec052cce8','User','')
DELETE FROM "system$userrole" WHERE "id"=4222124650659941
INSERT INTO "system$userrole" VALUES(4222124650659941,'6571b548-c726-4a7a-89d4-629d6e672d63','Anonymous','')
COMMIT
/*C3*/SET SCHEMA PUBLIC
DELETE FROM "system$user" WHERE "id"=5066549580791809
INSERT INTO "system$user" VALUES(5066549580791809,'demo_administrator','{BCrypt}$2a$10$G0mw60TjqyaVVNENKC6ic.dohOroBAgPwufu3GEWkU.W9zNfWTGKa','2024-04-18 10:49:20.330000',FALSE,TRUE,0,FALSE,FALSE,'2024-04-14 10:44:02.975000','2024-04-18 10:59:50.225000','Administration.Account',5066549580791809,5066549580791809)
DELETE FROM "administration$account" WHERE "id"=5066549580791809
INSERT INTO "administration$account" VALUES(5066549580791809,'null null',NULL,TRUE,NULL,NULL,NULL,NULL)
COMMIT
DELETE FROM "system$user" WHERE "id"=5066549580791810
INSERT INTO "system$user" VALUES(5066549580791810,'demo_user','{BCrypt}$2a$10$DI3dKlWXXpJZrM6sdrsQCe9JPJgQFyB3wCOfv8Mm9OfXNJ6jo9xrK','2024-04-16 21:41:27.081000',FALSE,TRUE,0,FALSE,FALSE,'2024-04-14 10:44:03.111000','2024-04-18 10:59:50.338000','Administration.Account',5066549580791810,5066549580791810)
DELETE FROM "administration$account" WHERE "id"=5066549580791810
INSERT INTO "administration$account" VALUES(5066549580791810,'null null',NULL,TRUE,NULL,NULL,NULL,NULL)
COMMIT
DELETE FROM "system$user" WHERE "id"=562949953421413
INSERT INTO "system$user" VALUES(562949953421413,'demo_anonymous_user','{BCrypt}$2a$10$eAbJqLwrLLO6Q2Zy9cJJYOx9cEKcivwCWAuGyH/Dh/bOYtrYI40u.',NULL,FALSE,TRUE,0,FALSE,FALSE,'2024-04-14 10:44:03.191000','2024-04-14 10:44:03.191000','System.User',NULL,562949953421413)
COMMIT
DELETE FROM "mendixsystem$properties" WHERE "key"='Mendix.Runtime.DeploymentID'
INSERT INTO "mendixsystem$properties" VALUES('Mendix.Runtime.DeploymentID','638490455712285536')
COMMIT
DELETE FROM "system$session" WHERE "id"=10414574138297173
DELETE FROM "system$session_user" WHERE "system$sessionid"=10414574138297173 AND "system$userid"=562949953424213
COMMIT
/*C9*/SET SCHEMA PUBLIC
DELETE FROM "system$user" WHERE "id"=562949953421414
INSERT INTO "system$user" VALUES(562949953421414,'MxAdmin','{BCrypt}$2a$10$KzX04/gxBLiixxuqbFiYSuUwWgUm1V8VRaGxfirC8YQM6qoHRH1nG',NULL,FALSE,TRUE,0,FALSE,FALSE,'2024-04-14 10:44:03.640000','2024-04-14 10:44:03.640000','System.User',NULL,562949953421414)
COMMIT
DELETE FROM "system$xasinstance" WHERE "id"=1125899906845625
INSERT INTO "system$xasinstance" VALUES(1125899906845625,'9b06e215-d5a9-4548-9346-fdc08aabba8f','2024-04-18 10:59:51.662000',NULL,NULL,NULL,'2024-04-18 10:59:49.614000')
COMMIT
/*C7*/SET SCHEMA PUBLIC
DELETE FROM "mendixsystem$entityidentifier" WHERE "id"='282e2e60-88a5-469d-84a5-ba8d9151644f'
INSERT INTO "mendixsystem$entityidentifier" VALUES('282e2e60-88a5-469d-84a5-ba8d9151644f',2,3101)
COMMIT
INSERT INTO "system$user" VALUES(562949953424313,'Anonymous_ecbf2fd7-e1a0-4811-a96b-dcc101fe5eff','{BCrypt}$2a$10$1338Y23XGdCOXh3mSQoE.u6L6SsBwLOu8HGjvfCCMhDQoRFTqg7RC','2024-04-18 10:59:51.894000',FALSE,TRUE,0,FALSE,TRUE,'2024-04-18 10:59:51.807000','2024-04-18 10:59:51.807000','System.User',NULL,562949953424313)
INSERT INTO "system$userroles" VALUES(562949953424313,4222124650659941)
INSERT INTO "system$user_language" VALUES(562949953424313,11540474045136897)
COMMIT
/*C9*/DELETE FROM "system$user" WHERE "id"=562949953424313
INSERT INTO "system$user" VALUES(562949953424313,'Anonymous_ecbf2fd7-e1a0-4811-a96b-dcc101fe5eff','{BCrypt}$2a$10$1338Y23XGdCOXh3mSQoE.u6L6SsBwLOu8HGjvfCCMhDQoRFTqg7RC','2024-04-18 10:59:51.936000',FALSE,TRUE,0,FALSE,TRUE,'2024-04-18 10:59:51.807000','2024-04-18 10:59:51.807000','System.User',NULL,562949953424313)
COMMIT
DELETE FROM "mendixsystem$entityidentifier" WHERE "id"='37f9fd49-5318-4c63-9a51-f761779b202f'
INSERT INTO "mendixsystem$entityidentifier" VALUES('37f9fd49-5318-4c63-9a51-f761779b202f',37,3101)
COMMIT
INSERT INTO "system$session" VALUES(10414574138297273,'10a3fa2f-9374-47c6-9d8a-effc123390ed','af220750-f14f-46da-a78e-ed80128a3ab1','2024-04-18 10:59:52.012000',FALSE,'3cfc488b-baa5-4c46-8a54-c3773a59739d',NULL,'2024-04-18 10:59:52.012000')
INSERT INTO "system$session_user" VALUES(10414574138297273,562949953424313)
COMMIT
DELETE FROM "system$session" WHERE "id"=10414574138297273
INSERT INTO "system$session" VALUES(10414574138297273,'10a3fa2f-9374-47c6-9d8a-effc123390ed','af220750-f14f-46da-a78e-ed80128a3ab1','2024-04-18 10:59:52.028000',FALSE,'3cfc488b-baa5-4c46-8a54-c3773a59739d',NULL,'2024-04-18 10:59:52.012000')
COMMIT
/*C8*/SET SCHEMA PUBLIC
DELETE FROM "system$session" WHERE "id"=10414574138297273
INSERT INTO "system$session" VALUES(10414574138297273,'10a3fa2f-9374-47c6-9d8a-effc123390ed','af220750-f14f-46da-a78e-ed80128a3ab1','2024-04-18 11:00:37.344000',FALSE,'3cfc488b-baa5-4c46-8a54-c3773a59739d',NULL,'2024-04-18 10:59:52.012000')
COMMIT
/*C10*/SET SCHEMA PUBLIC
DISCONNECT
/*C4*/SET SCHEMA PUBLIC
DELETE FROM "system$xasinstance" WHERE "id"=1125899906845625
INSERT INTO "system$xasinstance" VALUES(1125899906845625,'9b06e215-d5a9-4548-9346-fdc08aabba8f','2024-04-18 11:04:51.735000',NULL,NULL,NULL,'2024-04-18 10:59:49.614000')
COMMIT
/*C2*/DELETE FROM "system$session" WHERE "id"=10414574138297273
INSERT INTO "system$session" VALUES(10414574138297273,'10a3fa2f-9374-47c6-9d8a-effc123390ed','af220750-f14f-46da-a78e-ed80128a3ab1','2024-04-18 11:05:37.707000',FALSE,'3cfc488b-baa5-4c46-8a54-c3773a59739d',NULL,'2024-04-18 10:59:52.012000')
COMMIT
/*C5*/SET SCHEMA PUBLIC
DISCONNECT
/*C2*/DELETE FROM "system$xasinstance" WHERE "id"=1125899906845625
INSERT INTO "system$xasinstance" VALUES(1125899906845625,'9b06e215-d5a9-4548-9346-fdc08aabba8f','2024-04-18 11:09:51.751000',NULL,NULL,NULL,'2024-04-18 10:59:49.614000')
COMMIT
DELETE FROM "system$session" WHERE "id"=10414574138297273
INSERT INTO "system$session" VALUES(10414574138297273,'10a3fa2f-9374-47c6-9d8a-effc123390ed','af220750-f14f-46da-a78e-ed80128a3ab1','2024-04-18 11:10:37.715000',FALSE,'3cfc488b-baa5-4c46-8a54-c3773a59739d',NULL,'2024-04-18 10:59:52.012000')
COMMIT
/*C9*/DELETE FROM "system$xasinstance" WHERE "id"=1125899906845625
INSERT INTO "system$xasinstance" VALUES(1125899906845625,'9b06e215-d5a9-4548-9346-fdc08aabba8f','2024-04-18 11:14:51.765000',NULL,NULL,NULL,'2024-04-18 10:59:49.614000')
COMMIT
/*C11*/SET SCHEMA PUBLIC
DELETE FROM "system$session" WHERE "id"=10414574138297273
INSERT INTO "system$session" VALUES(10414574138297273,'10a3fa2f-9374-47c6-9d8a-effc123390ed','af220750-f14f-46da-a78e-ed80128a3ab1','2024-04-18 11:15:37.702000',FALSE,'3cfc488b-baa5-4c46-8a54-c3773a59739d',NULL,'2024-04-18 10:59:52.012000')
COMMIT
/*C6*/SET SCHEMA PUBLIC
DISCONNECT
/*C7*/DELETE FROM "system$xasinstance" WHERE "id"=1125899906845625
INSERT INTO "system$xasinstance" VALUES(1125899906845625,'9b06e215-d5a9-4548-9346-fdc08aabba8f','2024-04-18 11:19:51.781000',NULL,NULL,NULL,'2024-04-18 10:59:49.614000')
COMMIT
/*C4*/DELETE FROM "system$session" WHERE "id"=10414574138297273
INSERT INTO "system$session" VALUES(10414574138297273,'10a3fa2f-9374-47c6-9d8a-effc123390ed','af220750-f14f-46da-a78e-ed80128a3ab1','2024-04-18 11:20:38.522000',FALSE,'3cfc488b-baa5-4c46-8a54-c3773a59739d',NULL,'2024-04-18 10:59:52.012000')
COMMIT
/*C8*/DISCONNECT
/*C11*/DELETE FROM "system$xasinstance" WHERE "id"=1125899906845625
INSERT INTO "system$xasinstance" VALUES(1125899906845625,'9b06e215-d5a9-4548-9346-fdc08aabba8f','2024-04-18 11:24:51.798000',NULL,NULL,NULL,'2024-04-18 10:59:49.614000')
COMMIT
/*C9*/DELETE FROM "system$session" WHERE "id"=10414574138297273
INSERT INTO "system$session" VALUES(10414574138297273,'10a3fa2f-9374-47c6-9d8a-effc123390ed','af220750-f14f-46da-a78e-ed80128a3ab1','2024-04-18 11:25:38.527000',FALSE,'3cfc488b-baa5-4c46-8a54-c3773a59739d',NULL,'2024-04-18 10:59:52.012000')
COMMIT
/*C3*/DELETE FROM "system$xasinstance" WHERE "id"=1125899906845625
INSERT INTO "system$xasinstance" VALUES(1125899906845625,'9b06e215-d5a9-4548-9346-fdc08aabba8f','2024-04-18 11:29:51.813000',NULL,NULL,NULL,'2024-04-18 10:59:49.614000')
COMMIT
/*C9*/DELETE FROM "system$session" WHERE "id"=10414574138297273
INSERT INTO "system$session" VALUES(10414574138297273,'10a3fa2f-9374-47c6-9d8a-effc123390ed','af220750-f14f-46da-a78e-ed80128a3ab1','2024-04-18 11:31:05.526000',FALSE,'3cfc488b-baa5-4c46-8a54-c3773a59739d',NULL,'2024-04-18 10:59:52.012000')
COMMIT
/*C11*/DISCONNECT
/*C7*/DISCONNECT
/*C9*/DELETE FROM "system$xasinstance" WHERE "id"=1125899906845625
INSERT INTO "system$xasinstance" VALUES(1125899906845625,'9b06e215-d5a9-4548-9346-fdc08aabba8f','2024-04-18 11:34:51.818000',NULL,NULL,NULL,'2024-04-18 10:59:49.614000')
COMMIT
/*C3*/DELETE FROM "system$session" WHERE "id"=10414574138297273
INSERT INTO "system$session" VALUES(10414574138297273,'10a3fa2f-9374-47c6-9d8a-effc123390ed','af220750-f14f-46da-a78e-ed80128a3ab1','2024-04-18 11:36:05.523000',FALSE,'3cfc488b-baa5-4c46-8a54-c3773a59739d',NULL,'2024-04-18 10:59:52.012000')
COMMIT
/*C4*/DISCONNECT
/*C2*/DELETE FROM "system$xasinstance" WHERE "id"=1125899906845625
INSERT INTO "system$xasinstance" VALUES(1125899906845625,'9b06e215-d5a9-4548-9346-fdc08aabba8f','2024-04-18 11:39:51.832000',NULL,NULL,NULL,'2024-04-18 10:59:49.614000')
COMMIT
